\BOOKMARK [1][-]{section.1}{Introduction}{}% 1
\BOOKMARK [1][-]{section.2}{Related Work}{}% 2
\BOOKMARK [2][-]{subsection.2.1}{Face Clustering}{section.2}% 3
\BOOKMARK [2][-]{subsection.2.2}{Face Detection}{section.2}% 4
\BOOKMARK [3][-]{subsubsection.2.2.1}{Histograms of Oriented Gradients}{subsection.2.2}% 5
\BOOKMARK [3][-]{subsubsection.2.2.2}{Multi-task Cascaded Convolutional Networks}{subsection.2.2}% 6
\BOOKMARK [2][-]{subsection.2.3}{Face Representation}{section.2}% 7
\BOOKMARK [3][-]{subsubsection.2.3.1}{Convolutional Neural Networks}{subsection.2.3}% 8
\BOOKMARK [3][-]{subsubsection.2.3.2}{Triplet Loss Function}{subsection.2.3}% 9
\BOOKMARK [1][-]{section.3}{Face Feature Extraction Methods}{}% 10
\BOOKMARK [2][-]{subsection.3.1}{FaceNet}{section.3}% 11
\BOOKMARK [2][-]{subsection.3.2}{Dlib}{section.3}% 12
\BOOKMARK [2][-]{subsection.3.3}{OpenFace}{section.3}% 13
\BOOKMARK [2][-]{subsection.3.4}{ArcFace}{section.3}% 14
\BOOKMARK [1][-]{section.4}{Clustering Algorithms}{}% 15
\BOOKMARK [2][-]{subsection.4.1}{K-Means}{section.4}% 16
\BOOKMARK [2][-]{subsection.4.2}{Spectral}{section.4}% 17
\BOOKMARK [2][-]{subsection.4.3}{Hierarchical Agglomerative}{section.4}% 18
\BOOKMARK [2][-]{subsection.4.4}{Expectation\205Maximization}{section.4}% 19
\BOOKMARK [2][-]{subsection.4.5}{Birch}{section.4}% 20
\BOOKMARK [1][-]{section.5}{Experiment}{}% 21
\BOOKMARK [2][-]{subsection.5.1}{Dataset}{section.5}% 22
\BOOKMARK [3][-]{subsubsection.5.1.1}{Experiment 1}{subsection.5.1}% 23
\BOOKMARK [3][-]{subsubsection.5.1.2}{Experiment 2}{subsection.5.1}% 24
\BOOKMARK [3][-]{subsubsection.5.1.3}{Experiment 3}{subsection.5.1}% 25
\BOOKMARK [2][-]{subsection.5.2}{Set-Up}{section.5}% 26
\BOOKMARK [2][-]{subsection.5.3}{Framework}{section.5}% 27
\BOOKMARK [1][-]{section.6}{Results}{}% 28
\BOOKMARK [2][-]{subsection.6.1}{Evaluation}{section.6}% 29
\BOOKMARK [3][-]{subsubsection.6.1.1}{Pairwise F-Measure}{subsection.6.1}% 30
\BOOKMARK [2][-]{subsection.6.2}{Experiment 1}{section.6}% 31
\BOOKMARK [2][-]{subsection.6.3}{Experiment 2}{section.6}% 32
\BOOKMARK [2][-]{subsection.6.4}{Experiment 3}{section.6}% 33
\BOOKMARK [2][-]{subsection.6.5}{Analysis}{section.6}% 34
\BOOKMARK [3][-]{subsubsection.6.5.1}{Experiment 1}{subsection.6.5}% 35
\BOOKMARK [3][-]{subsubsection.6.5.2}{Experiment 2}{subsection.6.5}% 36
\BOOKMARK [3][-]{subsubsection.6.5.3}{Experiment 3}{subsection.6.5}% 37
\BOOKMARK [1][-]{section.7}{Conclusion}{}% 38
\BOOKMARK [1][-]{Appendix.1.A}{SPARQL Query}{}% 39
