\BOOKMARK [1][-]{section.1}{Introduction}{}% 1
\BOOKMARK [1][-]{section.2}{Related Work}{}% 2
\BOOKMARK [2][-]{subsection.2.1}{Face Recognition}{section.2}% 3
\BOOKMARK [2][-]{subsection.2.2}{Face Detection}{section.2}% 4
\BOOKMARK [3][-]{subsubsection.2.2.1}{Histograms of Oriented Gradients}{subsection.2.2}% 5
\BOOKMARK [3][-]{subsubsection.2.2.2}{Multi-task Cascaded Convolutional Networks}{subsection.2.2}% 6
\BOOKMARK [2][-]{subsection.2.3}{Face Representation}{section.2}% 7
\BOOKMARK [3][-]{subsubsection.2.3.1}{Convolutional Neural Networks}{subsection.2.3}% 8
\BOOKMARK [3][-]{subsubsection.2.3.2}{Triplet Loss Function}{subsection.2.3}% 9
\BOOKMARK [1][-]{section.3}{Face Representation Methods}{}% 10
\BOOKMARK [2][-]{subsection.3.1}{FaceNet}{section.3}% 11
\BOOKMARK [2][-]{subsection.3.2}{Dlib-ml}{section.3}% 12
\BOOKMARK [2][-]{subsection.3.3}{OpenFace}{section.3}% 13
\BOOKMARK [2][-]{subsection.3.4}{ArcFace}{section.3}% 14
\BOOKMARK [1][-]{section.4}{Clustering Algorithms}{}% 15
\BOOKMARK [2][-]{subsection.4.1}{K-Means}{section.4}% 16
\BOOKMARK [2][-]{subsection.4.2}{Hierarchical The Agglomerative}{section.4}% 17
\BOOKMARK [2][-]{subsection.4.3}{Spectral}{section.4}% 18
\BOOKMARK [2][-]{subsection.4.4}{Birch}{section.4}% 19
\BOOKMARK [1][-]{section.5}{Experiment}{}% 20
\BOOKMARK [2][-]{subsection.5.1}{Dataset}{section.5}% 21
\BOOKMARK [2][-]{subsection.5.2}{Evaluation}{section.5}% 22
\BOOKMARK [1][-]{section.6}{Conclusion}{}% 23
